{
  "stats": {
    "suites": 1,
    "tests": 2,
    "passes": 0,
    "pending": 0,
    "failures": 2,
    "start": "2023-11-06T09:23:45.554Z",
    "end": "2023-11-06T09:24:25.272Z",
    "duration": 39718,
    "testsRegistered": 2,
    "passPercent": 0,
    "pendingPercent": 0,
    "other": 0,
    "hasOther": false,
    "skipped": 0,
    "hasSkipped": false
  },
  "results": [
    {
      "uuid": "18bd57fe-fafb-4dc5-be79-7c0d96e1c3ee",
      "title": "",
      "fullFile": "cypress\\e2e\\login.feature",
      "file": "cypress\\e2e\\login.feature",
      "beforeHooks": [],
      "afterHooks": [],
      "tests": [],
      "suites": [
        {
          "uuid": "9d5b7185-b971-4cdb-a20d-8f3d164bec15",
          "title": "Login to the Insurance Website",
          "fullFile": "",
          "file": "",
          "beforeHooks": [],
          "afterHooks": [],
          "tests": [
            {
              "title": "validate Login credentials (example #1)",
              "fullTitle": "Login to the Insurance Website validate Login credentials (example #1)",
              "timedOut": null,
              "duration": 18547,
              "state": "failed",
              "speed": null,
              "pass": false,
              "fail": true,
              "pending": false,
              "context": null,
              "code": "var _a2, _b, _c, _d, _e;\nconst { remainingSteps, testCaseStartedId } = retrieveInternalSpecProperties();\nif (context.messagesEnabled) {\n  taskTestCaseStarted({\n    id: testCaseStartedId,\n    testCaseId,\n    attempt: attempt++,\n    timestamp: (0, messages_1.createTimestamp)()\n  });\n}\nwindow.testState = {\n  gherkinDocument,\n  pickles,\n  pickle\n};\nfor (const step of steps) {\n  if (step.hook) {\n    const hook = step.hook;\n    cy.then(() => {\n      delete window.testState.pickleStep;\n      const start = (0, messages_1.createTimestamp)();\n      if (context.messagesEnabled) {\n        taskTestStepStarted({\n          testStepId: hook.id,\n          testCaseStartedId,\n          timestamp: start\n        });\n      }\n      return cy.wrap(start, { log: false });\n    }).then((start) => {\n      (0, cypress_1.runStepWithLogGroup)({\n        fn: () => registry2.runHook(this, hook),\n        keyword: hook.keyword,\n        text: hook.tags\n      });\n      return cy.wrap(start, { log: false });\n    }).then((start) => {\n      const end = (0, messages_1.createTimestamp)();\n      if (context.messagesEnabled) {\n        taskTestStepFinished({\n          testStepId: hook.id,\n          testCaseStartedId,\n          testStepResult: {\n            status: messages.TestStepResultStatus.PASSED,\n            duration: (0, messages_1.duration)(start, end)\n          },\n          timestamp: end\n        });\n      }\n      remainingSteps.shift();\n    });\n  } else if (step.pickleStep) {\n    const pickleStep = step.pickleStep;\n    const text = (0, assertions_1.assertAndReturn)(pickleStep.text, \"Expected pickle step to have a text\");\n    const scenarioStep = (0, assertions_1.assertAndReturn)(context.astIdsMap.get((0, assertions_1.assertAndReturn)((_a2 = pickleStep.astNodeIds) === null || _a2 === void 0 ? void 0 : _a2[0], \"Expected to find at least one astNodeId\")), `Expected to find scenario step associated with id = ${(_b = pickleStep.astNodeIds) === null || _b === void 0 ? void 0 : _b[0]}`);\n    const argument = ((_c = pickleStep.argument) === null || _c === void 0 ? void 0 : _c.dataTable) ? new data_table_1.default(pickleStep.argument.dataTable) : ((_e = (_d = pickleStep.argument) === null || _d === void 0 ? void 0 : _d.docString) === null || _e === void 0 ? void 0 : _e.content) ? pickleStep.argument.docString.content : void 0;\n    cy.then(() => {\n      window.testState.pickleStep = step.pickleStep;\n      internalProperties.currentStep = { pickleStep };\n      const start = (0, messages_1.createTimestamp)();\n      if (context.messagesEnabled) {\n        taskTestStepStarted({\n          testStepId: pickleStep.id,\n          testCaseStartedId,\n          timestamp: start\n        });\n      }\n      return cy.wrap(start, { log: false });\n    }).then((start) => {\n      try {\n        return (0, cypress_1.runStepWithLogGroup)({\n          keyword: (0, assertions_1.assertAndReturn)(\"keyword\" in scenarioStep && scenarioStep.keyword, \"Expected to find a keyword in the scenario step\"),\n          argument,\n          text,\n          fn: () => registry2.runStepDefininition(this, text, argument)\n        }).then((result) => {\n          return {\n            start,\n            result\n          };\n        });\n      } catch (e) {\n        if (e instanceof registry_1.MissingDefinitionError) {\n          throw new Error(createMissingStepDefinitionMessage(context, pickleStep, context.registry.parameterTypeRegistry));\n        } else {\n          throw e;\n        }\n      }\n    }).then(({ start, result }) => {\n      var _a3, _b2, _c2;\n      const end = (0, messages_1.createTimestamp)();\n      if (result === \"pending\") {\n        if (context.messagesEnabled) {\n          taskTestStepFinished({\n            testStepId: pickleStep.id,\n            testCaseStartedId,\n            testStepResult: {\n              status: messages.TestStepResultStatus.PENDING,\n              duration: (0, messages_1.duration)(start, end)\n            },\n            timestamp: end\n          });\n          remainingSteps.shift();\n          for (const skippedStep of remainingSteps) {\n            const testStepId = (0, assertions_1.assertAndReturn)((_b2 = (_a3 = skippedStep.hook) === null || _a3 === void 0 ? void 0 : _a3.id) !== null && _b2 !== void 0 ? _b2 : (_c2 = skippedStep.pickleStep) === null || _c2 === void 0 ? void 0 : _c2.id, \"Expected a step to either be a hook or a pickleStep\");\n            taskTestStepStarted({\n              testStepId,\n              testCaseStartedId,\n              timestamp: (0, messages_1.createTimestamp)()\n            });\n            taskTestStepFinished({\n              testStepId,\n              testCaseStartedId,\n              testStepResult: {\n                status: messages.TestStepResultStatus.SKIPPED,\n                duration: {\n                  seconds: 0,\n                  nanos: 0\n                }\n              },\n              timestamp: (0, messages_1.createTimestamp)()\n            });\n          }\n        }\n        for (let i = 0, count = remainingSteps.length; i < count; i++) {\n          remainingSteps.pop();\n        }\n        cy.then(() => this.skip());\n      } else {\n        if (context.messagesEnabled) {\n          taskTestStepFinished({\n            testStepId: pickleStep.id,\n            testCaseStartedId,\n            testStepResult: {\n              status: messages.TestStepResultStatus.PASSED,\n              duration: (0, messages_1.duration)(start, end)\n            },\n            timestamp: end\n          });\n        }\n        remainingSteps.shift();\n      }\n    });\n  }\n}",
              "err": {
                "message": "CypressError: `cy.visit()` failed trying to load:\n\nhttps://demo.guru99.com/insurance/v1/index.php\n\nWe attempted to make an http request to this URL but the request failed without a response.\n\nWe received this error at the network level:\n\n  > Error: connect ECONNABORTED 72.52.251.71:443\n\nCommon situations why this would fail:\n  - you don't have internet access\n  - you forgot to run / boot your web server\n  - your web server isn't accessible\n  - you have weird network configuration settings on your computer",
                "estack": "CypressError: `cy.visit()` failed trying to load:\n\nhttps://demo.guru99.com/insurance/v1/index.php\n\nWe attempted to make an http request to this URL but the request failed without a response.\n\nWe received this error at the network level:\n\n  > Error: connect ECONNABORTED 72.52.251.71:443\n\nCommon situations why this would fail:\n  - you don't have internet access\n  - you forgot to run / boot your web server\n  - your web server isn't accessible\n  - you have weird network configuration settings on your computer\n    at <unknown> (http://localhost:60585/__cypress/runner/cypress_runner.js:147677:82)\n    at visitFailedByErr (http://localhost:60585/__cypress/runner/cypress_runner.js:147069:12)\n    at <unknown> (http://localhost:60585/__cypress/runner/cypress_runner.js:147676:11)\n    at tryCatcher (http://localhost:60585/__cypress/runner/cypress_runner.js:18744:23)\n    at Promise._settlePromiseFromHandler (http://localhost:60585/__cypress/runner/cypress_runner.js:16679:31)\n    at Promise._settlePromise (http://localhost:60585/__cypress/runner/cypress_runner.js:16736:18)\n    at Promise._settlePromise0 (http://localhost:60585/__cypress/runner/cypress_runner.js:16781:10)\n    at Promise._settlePromises (http://localhost:60585/__cypress/runner/cypress_runner.js:16857:18)\n    at _drainQueueStep (http://localhost:60585/__cypress/runner/cypress_runner.js:13451:12)\n    at _drainQueue (http://localhost:60585/__cypress/runner/cypress_runner.js:13444:9)\n    at ../../node_modules/bluebird/js/release/async.js.Async._drainQueues (http://localhost:60585/__cypress/runner/cypress_runner.js:13460:5)\n    at Async.drainQueues (http://localhost:60585/__cypress/runner/cypress_runner.js:13330:14)\nFrom Your Spec Code:\n    at Context.eval (http://localhost:60585/__cypress/tests?p=cypress\\e2e\\login.feature:14865:12)\n    at Registry.runStepDefininition (http://localhost:60585/__cypress/tests?p=cypress\\e2e\\login.feature:9235:48)\n    at Object.fn (http://localhost:60585/__cypress/tests?p=cypress\\e2e\\login.feature:14185:41)\n    at runStepWithLogGroup (http://localhost:60585/__cypress/tests?p=cypress\\e2e\\login.feature:13866:29)\n    at Context.eval (http://localhost:60585/__cypress/tests?p=cypress\\e2e\\login.feature:14181:60)\n\nFrom Node.js Internals:\n  Error: connect ECONNABORTED 72.52.251.71:443\n      at TCPConnectWrap.afterConnect [as oncomplete] (node:net:1187:16)",
                "diff": null
              },
              "uuid": "6e40b413-f1a9-4d08-a59c-91db2b4fc5b8",
              "parentUUID": "9d5b7185-b971-4cdb-a20d-8f3d164bec15",
              "isHook": false,
              "skipped": false
            },
            {
              "title": "Validate Invalid Login Credentials (example #1)",
              "fullTitle": "Login to the Insurance Website Validate Invalid Login Credentials (example #1)",
              "timedOut": null,
              "duration": 21024,
              "state": "failed",
              "speed": null,
              "pass": false,
              "fail": true,
              "pending": false,
              "context": null,
              "code": "var _a2, _b, _c, _d, _e;\nconst { remainingSteps, testCaseStartedId } = retrieveInternalSpecProperties();\nif (context.messagesEnabled) {\n  taskTestCaseStarted({\n    id: testCaseStartedId,\n    testCaseId,\n    attempt: attempt++,\n    timestamp: (0, messages_1.createTimestamp)()\n  });\n}\nwindow.testState = {\n  gherkinDocument,\n  pickles,\n  pickle\n};\nfor (const step of steps) {\n  if (step.hook) {\n    const hook = step.hook;\n    cy.then(() => {\n      delete window.testState.pickleStep;\n      const start = (0, messages_1.createTimestamp)();\n      if (context.messagesEnabled) {\n        taskTestStepStarted({\n          testStepId: hook.id,\n          testCaseStartedId,\n          timestamp: start\n        });\n      }\n      return cy.wrap(start, { log: false });\n    }).then((start) => {\n      (0, cypress_1.runStepWithLogGroup)({\n        fn: () => registry2.runHook(this, hook),\n        keyword: hook.keyword,\n        text: hook.tags\n      });\n      return cy.wrap(start, { log: false });\n    }).then((start) => {\n      const end = (0, messages_1.createTimestamp)();\n      if (context.messagesEnabled) {\n        taskTestStepFinished({\n          testStepId: hook.id,\n          testCaseStartedId,\n          testStepResult: {\n            status: messages.TestStepResultStatus.PASSED,\n            duration: (0, messages_1.duration)(start, end)\n          },\n          timestamp: end\n        });\n      }\n      remainingSteps.shift();\n    });\n  } else if (step.pickleStep) {\n    const pickleStep = step.pickleStep;\n    const text = (0, assertions_1.assertAndReturn)(pickleStep.text, \"Expected pickle step to have a text\");\n    const scenarioStep = (0, assertions_1.assertAndReturn)(context.astIdsMap.get((0, assertions_1.assertAndReturn)((_a2 = pickleStep.astNodeIds) === null || _a2 === void 0 ? void 0 : _a2[0], \"Expected to find at least one astNodeId\")), `Expected to find scenario step associated with id = ${(_b = pickleStep.astNodeIds) === null || _b === void 0 ? void 0 : _b[0]}`);\n    const argument = ((_c = pickleStep.argument) === null || _c === void 0 ? void 0 : _c.dataTable) ? new data_table_1.default(pickleStep.argument.dataTable) : ((_e = (_d = pickleStep.argument) === null || _d === void 0 ? void 0 : _d.docString) === null || _e === void 0 ? void 0 : _e.content) ? pickleStep.argument.docString.content : void 0;\n    cy.then(() => {\n      window.testState.pickleStep = step.pickleStep;\n      internalProperties.currentStep = { pickleStep };\n      const start = (0, messages_1.createTimestamp)();\n      if (context.messagesEnabled) {\n        taskTestStepStarted({\n          testStepId: pickleStep.id,\n          testCaseStartedId,\n          timestamp: start\n        });\n      }\n      return cy.wrap(start, { log: false });\n    }).then((start) => {\n      try {\n        return (0, cypress_1.runStepWithLogGroup)({\n          keyword: (0, assertions_1.assertAndReturn)(\"keyword\" in scenarioStep && scenarioStep.keyword, \"Expected to find a keyword in the scenario step\"),\n          argument,\n          text,\n          fn: () => registry2.runStepDefininition(this, text, argument)\n        }).then((result) => {\n          return {\n            start,\n            result\n          };\n        });\n      } catch (e) {\n        if (e instanceof registry_1.MissingDefinitionError) {\n          throw new Error(createMissingStepDefinitionMessage(context, pickleStep, context.registry.parameterTypeRegistry));\n        } else {\n          throw e;\n        }\n      }\n    }).then(({ start, result }) => {\n      var _a3, _b2, _c2;\n      const end = (0, messages_1.createTimestamp)();\n      if (result === \"pending\") {\n        if (context.messagesEnabled) {\n          taskTestStepFinished({\n            testStepId: pickleStep.id,\n            testCaseStartedId,\n            testStepResult: {\n              status: messages.TestStepResultStatus.PENDING,\n              duration: (0, messages_1.duration)(start, end)\n            },\n            timestamp: end\n          });\n          remainingSteps.shift();\n          for (const skippedStep of remainingSteps) {\n            const testStepId = (0, assertions_1.assertAndReturn)((_b2 = (_a3 = skippedStep.hook) === null || _a3 === void 0 ? void 0 : _a3.id) !== null && _b2 !== void 0 ? _b2 : (_c2 = skippedStep.pickleStep) === null || _c2 === void 0 ? void 0 : _c2.id, \"Expected a step to either be a hook or a pickleStep\");\n            taskTestStepStarted({\n              testStepId,\n              testCaseStartedId,\n              timestamp: (0, messages_1.createTimestamp)()\n            });\n            taskTestStepFinished({\n              testStepId,\n              testCaseStartedId,\n              testStepResult: {\n                status: messages.TestStepResultStatus.SKIPPED,\n                duration: {\n                  seconds: 0,\n                  nanos: 0\n                }\n              },\n              timestamp: (0, messages_1.createTimestamp)()\n            });\n          }\n        }\n        for (let i = 0, count = remainingSteps.length; i < count; i++) {\n          remainingSteps.pop();\n        }\n        cy.then(() => this.skip());\n      } else {\n        if (context.messagesEnabled) {\n          taskTestStepFinished({\n            testStepId: pickleStep.id,\n            testCaseStartedId,\n            testStepResult: {\n              status: messages.TestStepResultStatus.PASSED,\n              duration: (0, messages_1.duration)(start, end)\n            },\n            timestamp: end\n          });\n        }\n        remainingSteps.shift();\n      }\n    });\n  }\n}",
              "err": {
                "message": "CypressError: `cy.visit()` failed trying to load:\n\nhttps://demo.guru99.com/insurance/v1/index.php\n\nWe attempted to make an http request to this URL but the request failed without a response.\n\nWe received this error at the network level:\n\n  > Error: getaddrinfo ENOENT demo.guru99.com\n\nCommon situations why this would fail:\n  - you don't have internet access\n  - you forgot to run / boot your web server\n  - your web server isn't accessible\n  - you have weird network configuration settings on your computer",
                "estack": "CypressError: `cy.visit()` failed trying to load:\n\nhttps://demo.guru99.com/insurance/v1/index.php\n\nWe attempted to make an http request to this URL but the request failed without a response.\n\nWe received this error at the network level:\n\n  > Error: getaddrinfo ENOENT demo.guru99.com\n\nCommon situations why this would fail:\n  - you don't have internet access\n  - you forgot to run / boot your web server\n  - your web server isn't accessible\n  - you have weird network configuration settings on your computer\n    at <unknown> (http://localhost:60585/__cypress/runner/cypress_runner.js:147677:82)\n    at visitFailedByErr (http://localhost:60585/__cypress/runner/cypress_runner.js:147069:12)\n    at <unknown> (http://localhost:60585/__cypress/runner/cypress_runner.js:147676:11)\n    at tryCatcher (http://localhost:60585/__cypress/runner/cypress_runner.js:18744:23)\n    at Promise._settlePromiseFromHandler (http://localhost:60585/__cypress/runner/cypress_runner.js:16679:31)\n    at Promise._settlePromise (http://localhost:60585/__cypress/runner/cypress_runner.js:16736:18)\n    at Promise._settlePromise0 (http://localhost:60585/__cypress/runner/cypress_runner.js:16781:10)\n    at Promise._settlePromises (http://localhost:60585/__cypress/runner/cypress_runner.js:16857:18)\n    at _drainQueueStep (http://localhost:60585/__cypress/runner/cypress_runner.js:13451:12)\n    at _drainQueue (http://localhost:60585/__cypress/runner/cypress_runner.js:13444:9)\n    at ../../node_modules/bluebird/js/release/async.js.Async._drainQueues (http://localhost:60585/__cypress/runner/cypress_runner.js:13460:5)\n    at Async.drainQueues (http://localhost:60585/__cypress/runner/cypress_runner.js:13330:14)\nFrom Your Spec Code:\n    at Context.eval (http://localhost:60585/__cypress/tests?p=cypress\\e2e\\login.feature:14865:12)\n    at Registry.runStepDefininition (http://localhost:60585/__cypress/tests?p=cypress\\e2e\\login.feature:9235:48)\n    at Object.fn (http://localhost:60585/__cypress/tests?p=cypress\\e2e\\login.feature:14185:41)\n    at runStepWithLogGroup (http://localhost:60585/__cypress/tests?p=cypress\\e2e\\login.feature:13866:29)\n    at Context.eval (http://localhost:60585/__cypress/tests?p=cypress\\e2e\\login.feature:14181:60)\n\nFrom Node.js Internals:\n  Error: getaddrinfo ENOENT demo.guru99.com\n      at GetAddrInfoReqWrap.onlookup [as oncomplete] (node:dns:71:26)",
                "diff": null
              },
              "uuid": "0393d457-7e0e-4f55-906a-488b9d872c45",
              "parentUUID": "9d5b7185-b971-4cdb-a20d-8f3d164bec15",
              "isHook": false,
              "skipped": false
            }
          ],
          "suites": [],
          "passes": [],
          "failures": [
            "6e40b413-f1a9-4d08-a59c-91db2b4fc5b8",
            "0393d457-7e0e-4f55-906a-488b9d872c45"
          ],
          "pending": [],
          "skipped": [],
          "duration": 39571,
          "root": false,
          "rootEmpty": false,
          "_timeout": 2000
        }
      ],
      "passes": [],
      "failures": [],
      "pending": [],
      "skipped": [],
      "duration": 0,
      "root": true,
      "rootEmpty": true,
      "_timeout": 2000
    }
  ],
  "meta": {
    "mocha": {
      "version": "7.0.1"
    },
    "mochawesome": {
      "options": {
        "quiet": false,
        "reportFilename": "mochawesome",
        "saveHtml": true,
        "saveJson": true,
        "consoleReporter": "spec",
        "useInlineDiffs": false,
        "code": true
      },
      "version": "7.1.3"
    },
    "marge": {
      "options": {
        "reportDir": "mochawesome-report",
        "overwrite": false,
        "html": true,
        "json": true,
        "charts": true,
        "saveAllAttempts": false
      },
      "version": "6.2.0"
    }
  }
}